<?xml version="1.0" encoding="UTF-8"?>
<!-- Generated by org.testng.reporters.JUnitReportReporter -->
<testsuite hostname="Vaidees-PC" name="com.TestRunner.testrunner" tests="1" failures="0" timestamp="18 Jun 2020 03:22:06 GMT" time="21.352" errors="0">
  <testcase name="feature" time="21.352" classname="com.TestRunner.testrunner"/>
</testsuite> <!-- com.TestRunner.testrunner -->
